<?xml version="1.0" encoding="UTF-8"?>
<!-- Generated by org.testng.reporters.JUnitXMLReporter -->
<testsuite ignored="1" hostname="commuqa02" failures="1" tests="44" name="Default test" time="2248.839" errors="0" timestamp="2024-11-26T11:36:50 IST">
  <testcase classname="MainPack.BaseClassForWebAndMobile" name="@AfterMethod teardown" time="0.32">
    <failure type="org.openqa.selenium.WebDriverException" message="An unknown server-side error occurred while processing the command. Original error: &amp;apos;GET /screenshot&amp;apos; cannot be proxied to UiAutomator2 server because the instrumentation process is not running (probably crashed). Check the server log and/or the logcat output for more details
Build info: version: &amp;apos;3.141.59&amp;apos;, revision: &amp;apos;e82be7d358&amp;apos;, time: &amp;apos;2018-11-14T08:17:03&amp;apos;
System info: host: &amp;apos;COMMUQA02&amp;apos;, ip: &amp;apos;192.168.100.189&amp;apos;, os.name: &amp;apos;Windows 11&amp;apos;, os.arch: &amp;apos;amd64&amp;apos;, os.version: &amp;apos;10.0&amp;apos;, java.version: &amp;apos;22.0.2&amp;apos;
Driver info: io.appium.java_client.android.AndroidDriver
Capabilities {appActivity: com.commusoft.v4.Setup.Acti..., appPackage: com.commusoft.v4, autoGrantPermissions: true, automationName: UiAutomator2, clearDeviceLogsOnStart: true, databaseEnabled: false, desired: {appActivity: com.commusoft.v4.Setup.Acti..., appPackage: com.commusoft.v4, autoGrantPermissions: true, automationName: UiAutomator2, clearDeviceLogsOnStart: true, deviceName: Redmi Note 8 Pro, newCommandTimeout: 10000, noReset: true, platformName: android, platformVersion: 11, udid: jrd6hmy5mzhihihu}, deviceApiLevel: 30, deviceManufacturer: Xiaomi, deviceModel: Redmi Note 8 Pro, deviceName: jrd6hmy5mzhihihu, deviceScreenDensity: 440, deviceScreenSize: 1080x2340, deviceUDID: jrd6hmy5mzhihihu, javascriptEnabled: true, locationContextEnabled: false, networkConnectionEnabled: true, newCommandTimeout: 10000, noReset: true, pixelRatio: 2.75, platform: LINUX, platformName: Android, platformVersion: 11, statBarHeight: 76, takesScreenshot: true, udid: jrd6hmy5mzhihihu, viewportRect: {height: 2264, left: 0, top: 76, width: 1080}, warnings: {}, webStorageEnabled: false}
Session ID: 9c4f1fc2-f2a0-426a-9e3a-03b7646cbd5d">
      <![CDATA[org.openqa.selenium.WebDriverException: An unknown server-side error occurred while processing the command. Original error: 'GET /screenshot' cannot be proxied to UiAutomator2 server because the instrumentation process is not running (probably crashed). Check the server log and/or the logcat output for more details
Build info: version: '3.141.59', revision: 'e82be7d358', time: '2018-11-14T08:17:03'
System info: host: 'COMMUQA02', ip: '192.168.100.189', os.name: 'Windows 11', os.arch: 'amd64', os.version: '10.0', java.version: '22.0.2'
Driver info: io.appium.java_client.android.AndroidDriver
Capabilities {appActivity: com.commusoft.v4.Setup.Acti..., appPackage: com.commusoft.v4, autoGrantPermissions: true, automationName: UiAutomator2, clearDeviceLogsOnStart: true, databaseEnabled: false, desired: {appActivity: com.commusoft.v4.Setup.Acti..., appPackage: com.commusoft.v4, autoGrantPermissions: true, automationName: UiAutomator2, clearDeviceLogsOnStart: true, deviceName: Redmi Note 8 Pro, newCommandTimeout: 10000, noReset: true, platformName: android, platformVersion: 11, udid: jrd6hmy5mzhihihu}, deviceApiLevel: 30, deviceManufacturer: Xiaomi, deviceModel: Redmi Note 8 Pro, deviceName: jrd6hmy5mzhihihu, deviceScreenDensity: 440, deviceScreenSize: 1080x2340, deviceUDID: jrd6hmy5mzhihihu, javascriptEnabled: true, locationContextEnabled: false, networkConnectionEnabled: true, newCommandTimeout: 10000, noReset: true, pixelRatio: 2.75, platform: LINUX, platformName: Android, platformVersion: 11, statBarHeight: 76, takesScreenshot: true, udid: jrd6hmy5mzhihihu, viewportRect: {height: 2264, left: 0, top: 76, width: 1080}, warnings: {}, webStorageEnabled: false}
Session ID: 9c4f1fc2-f2a0-426a-9e3a-03b7646cbd5d
at java.base/jdk.internal.reflect.DirectConstructorHandleAccessor.newInstance(DirectConstructorHandleAccessor.java:62)
at java.base/java.lang.reflect.Constructor.newInstanceWithCaller(Constructor.java:502)
at java.base/java.lang.reflect.Constructor.newInstance(Constructor.java:486)
at org.openqa.selenium.remote.http.W3CHttpResponseCodec.createException(W3CHttpResponseCodec.java:187)
at org.openqa.selenium.remote.http.W3CHttpResponseCodec.decode(W3CHttpResponseCodec.java:122)
at org.openqa.selenium.remote.http.W3CHttpResponseCodec.decode(W3CHttpResponseCodec.java:49)
at org.openqa.selenium.remote.HttpCommandExecutor.execute(HttpCommandExecutor.java:158)
at io.appium.java_client.remote.AppiumCommandExecutor.execute(AppiumCommandExecutor.java:250)
at org.openqa.selenium.remote.RemoteWebDriver.execute(RemoteWebDriver.java:552)
at io.appium.java_client.DefaultGenericMobileDriver.execute(DefaultGenericMobileDriver.java:45)
at io.appium.java_client.AppiumDriver.execute(AppiumDriver.java:1)
at io.appium.java_client.android.AndroidDriver.execute(AndroidDriver.java:1)
at org.openqa.selenium.remote.RemoteWebDriver.getScreenshotAs(RemoteWebDriver.java:295)
at Utility.Screenshot.capture(Screenshot.java:21)
at MainPack.BaseClassForWebAndMobile.teardown(BaseClassForWebAndMobile.java:300)
at java.base/jdk.internal.reflect.DirectMethodHandleAccessor.invoke(DirectMethodHandleAccessor.java:103)
at java.base/java.lang.reflect.Method.invoke(Method.java:580)
at org.testng.internal.invokers.MethodInvocationHelper.invokeMethod(MethodInvocationHelper.java:141)
at org.testng.internal.invokers.MethodInvocationHelper.invokeMethodConsideringTimeout(MethodInvocationHelper.java:71)
at org.testng.internal.invokers.ConfigInvoker.invokeConfigurationMethod(ConfigInvoker.java:400)
at org.testng.internal.invokers.ConfigInvoker.invokeConfigurations(ConfigInvoker.java:333)
at org.testng.internal.invokers.TestInvoker.runConfigMethods(TestInvoker.java:833)
at org.testng.internal.invokers.TestInvoker.runAfterConfigurations(TestInvoker.java:802)
at org.testng.internal.invokers.TestInvoker.invokeMethod(TestInvoker.java:778)
at org.testng.internal.invokers.TestInvoker.retryFailed(TestInvoker.java:269)
at org.testng.internal.invokers.MethodRunner.runInSequence(MethodRunner.java:76)
at org.testng.internal.invokers.TestInvoker$MethodInvocationAgent.invoke(TestInvoker.java:992)
at org.testng.internal.invokers.TestInvoker.invokeTestMethods(TestInvoker.java:203)
at org.testng.internal.invokers.TestMethodWorker.invokeTestMethods(TestMethodWorker.java:154)
at org.testng.internal.invokers.TestMethodWorker.run(TestMethodWorker.java:134)
at java.base/java.util.ArrayList.forEach(ArrayList.java:1597)
at org.testng.TestRunner.privateRun(TestRunner.java:739)
at org.testng.TestRunner.run(TestRunner.java:614)
at org.testng.SuiteRunner.runTest(SuiteRunner.java:421)
at org.testng.SuiteRunner.runSequentially(SuiteRunner.java:413)
at org.testng.SuiteRunner.privateRun(SuiteRunner.java:373)
at org.testng.SuiteRunner.run(SuiteRunner.java:312)
at org.testng.SuiteRunnerWorker.runSuite(SuiteRunnerWorker.java:52)
at org.testng.SuiteRunnerWorker.run(SuiteRunnerWorker.java:95)
at org.testng.TestNG.runSuitesSequentially(TestNG.java:1274)
at org.testng.TestNG.runSuitesLocally(TestNG.java:1208)
at org.testng.TestNG.runSuites(TestNG.java:1112)
at org.testng.TestNG.run(TestNG.java:1079)
at org.testng.remote.AbstractRemoteTestNG.run(AbstractRemoteTestNG.java:115)
at org.testng.remote.RemoteTestNG.initAndRun(RemoteTestNG.java:293)
at org.testng.remote.RemoteTestNG.main(RemoteTestNG.java:91)
]]>
    </failure>
  </testcase> <!-- @AfterMethod teardown -->
  <testcase classname="MainPack.BaseClassForWebAndMobile" name="@AfterMethod teardown" time="0.0">
    <skipped/>
  </testcase> <!-- @AfterMethod teardown -->
  <testcase classname="New_ui_Testclass.BasicSmoke_MobAndWeb" name="CreateCustomerAndVerifyInWeb" time="41.138"/>
  <testcase classname="New_ui_Testclass.BasicSmoke_MobAndWeb" name="EditCustomerAndVerifyInWeb" time="26.968"/>
  <testcase classname="New_ui_Testclass.BasicSmoke_MobAndWeb" name="CustomerEditInWebAndVerifyInMob" time="15.925"/>
  <testcase classname="New_ui_Testclass.BasicSmoke_MobAndWeb" name="AddCommunicationsForCustomer_InMobile" time="75.408"/>
  <testcase classname="New_ui_Testclass.BasicSmoke_MobAndWeb" name="VerifyCustomerNotesInWeb" time="7.456"/>
  <testcase classname="New_ui_Testclass.BasicSmoke_MobAndWeb" name="Add_AttachedFiles_ForCustomer_InMobile" time="76.015"/>
  <testcase classname="New_ui_Testclass.BasicSmoke_MobAndWeb" name="VerifyCustomerFilesInWeb" time="6.342"/>
  <testcase classname="New_ui_Testclass.BasicSmoke_MobAndWeb" name="Assets_ForCustomer" time="31.894"/>
  <testcase classname="New_ui_Testclass.BasicSmoke_MobAndWeb" name="Add_Reminders_ForCustomer_InMobile" time="21.126"/>
  <testcase classname="New_ui_Testclass.BasicSmoke_MobAndWeb" name="VerifyCustomerRemindersOnWeb" time="7.257"/>
  <testcase classname="New_ui_Testclass.BasicSmoke_MobAndWeb" name="AddCustomerContactsInMob" time="14.841"/>
  <testcase classname="New_ui_Testclass.BasicSmoke_MobAndWeb" name="VerifyCustomerContactOnWeb" time="7.051"/>
  <testcase classname="New_ui_Testclass.BasicSmoke_MobAndWeb" name="AddWorkaddressAndVerifyInWeb" time="37.423"/>
  <testcase classname="New_ui_Testclass.BasicSmoke_MobAndWeb" name="EditWorkAddressAndVerifyinWeb" time="17.257"/>
  <testcase classname="New_ui_Testclass.BasicSmoke_MobAndWeb" name="WorkAddressEditInWebAndVerifyInMob" time="18.885"/>
  <testcase classname="New_ui_Testclass.BasicSmoke_MobAndWeb" name="EstimateAcceptWithPrice_InMobile" time="165.774"/>
  <testcase classname="New_ui_Testclass.BasicSmoke_MobAndWeb" name="Verify_AcceptedEstimate_OnWeb" time="5.783"/>
  <testcase classname="New_ui_Testclass.BasicSmoke_MobAndWeb" name="Customer_PropertyHistory_EstimateAcceptedStatusCheck" time="14.065"/>
  <testcase classname="New_ui_Testclass.BasicSmoke_MobAndWeb" name="RejectEstimatePriceInMob" time="96.681"/>
  <testcase classname="New_ui_Testclass.BasicSmoke_MobAndWeb" name="Customer_PropertyHistory_EstimateRejectedStatusCheck" time="16.106"/>
  <testcase classname="New_ui_Testclass.BasicSmoke_MobAndWeb" name="Reject_EstimateDiaryEvent_InMobile" time="78.289"/>
  <testcase classname="New_ui_Testclass.BasicSmoke_MobAndWeb" name="Verify_RejectedEstimateDiaryEventInWeb" time="5.549"/>
  <testcase classname="New_ui_Testclass.BasicSmoke_MobAndWeb" name="Abort_Estimate_InMobile" time="81.518"/>
  <testcase classname="New_ui_Testclass.BasicSmoke_MobAndWeb" name="Verify_AbortedEstimateInWeb" time="5.938"/>
  <testcase classname="New_ui_Testclass.BasicSmoke_MobAndWeb" name="CompleteJobWithInvoiceAndPayment_InMobile" time="127.717"/>
  <testcase classname="New_ui_Testclass.BasicSmoke_MobAndWeb" name="Verify_CompletedJobWithFinalInvoice_OnWeb" time="8.803"/>
  <testcase classname="New_ui_Testclass.BasicSmoke_MobAndWeb" name="Customer_PropertyHistory_JobInvoicedStatusCheck" time="14.186"/>
  <testcase classname="New_ui_Testclass.BasicSmoke_MobAndWeb" name="Reject_JobDiaryEvent_InMobile" time="61.865"/>
  <testcase classname="New_ui_Testclass.BasicSmoke_MobAndWeb" name="Verify_RejectedJobDiaryEvent_InWeb" time="6.109"/>
  <testcase classname="New_ui_Testclass.BasicSmoke_MobAndWeb" name="Abort_Job_DiaryEvent_InMobile" time="67.89"/>
  <testcase classname="New_ui_Testclass.BasicSmoke_MobAndWeb" name="Verify_AbortedJob_DiaryEvent_InWeb" time="5.833"/>
  <testcase classname="New_ui_Testclass.BasicSmoke_MobAndWeb" name="GenerateCertificateForJob_And_VerifyInMobile" time="111.833"/>
  <testcase classname="New_ui_Testclass.BasicSmoke_MobAndWeb" name="Verify_CompletedCertificateInWeb" time="8.337"/>
  <testcase classname="New_ui_Testclass.BasicSmoke_MobAndWeb" name="EmailCertificateFromMobileAndVerifyOnTheGmailApp" time="129.532"/>
  <testcase classname="New_ui_Testclass.BasicSmoke_MobAndWeb" name="Add_Edit_Delete_ReminderForJob" time="153.761"/>
  <testcase classname="New_ui_Testclass.BasicSmoke_MobAndWeb" name="Verify_JobReminder_OnWeb" time="6.518"/>
  <testcase classname="New_ui_Testclass.BasicSmoke_MobAndWeb" name="Add_Edit_Delete_Complete_OfficeTask_VerifyBothMobAndWeb" time="115.121"/>
  <testcase classname="New_ui_Testclass.BasicSmoke_MobAndWeb" name="Job_FreeOfCharge_VerifyStatusOnThePropertHistoryList" time="112.25"/>
  <testcase classname="New_ui_Testclass.BasicSmoke_MobAndWeb" name="PropertyHistory_SectionVerification" time="37.488"/>
  <testcase classname="New_ui_Testclass.BasicSmoke_MobAndWeb" name="Job_PropetyHistory_AllSection_View_Verification" time="236.416"/>
  <testcase classname="New_ui_Testclass.BasicSmoke_MobAndWeb" name="JobAppointment_StatusVerification_PropertyHistory" time="133.006">
    <skipped/>
  </testcase> <!-- JobAppointment_StatusVerification_PropertyHistory -->
  <testcase classname="New_ui_Testclass.BasicSmoke_MobAndWeb" name="JobAppointment_StatusVerification_PropertyHistory" time="3.078">
    <skipped/>
  </testcase> <!-- JobAppointment_StatusVerification_PropertyHistory -->
  <testcase classname="New_ui_Testclass.BasicSmoke_MobAndWeb" name="JobAppointment_StatusVerification_PropertyHistory" time="3.076">
    <failure type="org.openqa.selenium.WebDriverException" message="An unknown server-side error occurred while processing the command. Original error: &amp;apos;POST /element&amp;apos; cannot be proxied to UiAutomator2 server because the instrumentation process is not running (probably crashed). Check the server log and/or the logcat output for more details
Build info: version: &amp;apos;3.141.59&amp;apos;, revision: &amp;apos;e82be7d358&amp;apos;, time: &amp;apos;2018-11-14T08:17:03&amp;apos;
System info: host: &amp;apos;COMMUQA02&amp;apos;, ip: &amp;apos;192.168.100.189&amp;apos;, os.name: &amp;apos;Windows 11&amp;apos;, os.arch: &amp;apos;amd64&amp;apos;, os.version: &amp;apos;10.0&amp;apos;, java.version: &amp;apos;22.0.2&amp;apos;
Driver info: io.appium.java_client.android.AndroidDriver
Capabilities {appActivity: com.commusoft.v4.Setup.Acti..., appPackage: com.commusoft.v4, autoGrantPermissions: true, automationName: UiAutomator2, clearDeviceLogsOnStart: true, databaseEnabled: false, desired: {appActivity: com.commusoft.v4.Setup.Acti..., appPackage: com.commusoft.v4, autoGrantPermissions: true, automationName: UiAutomator2, clearDeviceLogsOnStart: true, deviceName: Redmi Note 8 Pro, newCommandTimeout: 10000, noReset: true, platformName: android, platformVersion: 11, udid: jrd6hmy5mzhihihu}, deviceApiLevel: 30, deviceManufacturer: Xiaomi, deviceModel: Redmi Note 8 Pro, deviceName: jrd6hmy5mzhihihu, deviceScreenDensity: 440, deviceScreenSize: 1080x2340, deviceUDID: jrd6hmy5mzhihihu, javascriptEnabled: true, locationContextEnabled: false, networkConnectionEnabled: true, newCommandTimeout: 10000, noReset: true, pixelRatio: 2.75, platform: LINUX, platformName: Android, platformVersion: 11, statBarHeight: 76, takesScreenshot: true, udid: jrd6hmy5mzhihihu, viewportRect: {height: 2264, left: 0, top: 76, width: 1080}, warnings: {}, webStorageEnabled: false}
Session ID: 9c4f1fc2-f2a0-426a-9e3a-03b7646cbd5d
*** Element info: {Using=xpath, value=//*[@text=&amp;apos;Home&amp;apos;]}">
      <![CDATA[org.openqa.selenium.WebDriverException: An unknown server-side error occurred while processing the command. Original error: 'POST /element' cannot be proxied to UiAutomator2 server because the instrumentation process is not running (probably crashed). Check the server log and/or the logcat output for more details
Build info: version: '3.141.59', revision: 'e82be7d358', time: '2018-11-14T08:17:03'
System info: host: 'COMMUQA02', ip: '192.168.100.189', os.name: 'Windows 11', os.arch: 'amd64', os.version: '10.0', java.version: '22.0.2'
Driver info: io.appium.java_client.android.AndroidDriver
Capabilities {appActivity: com.commusoft.v4.Setup.Acti..., appPackage: com.commusoft.v4, autoGrantPermissions: true, automationName: UiAutomator2, clearDeviceLogsOnStart: true, databaseEnabled: false, desired: {appActivity: com.commusoft.v4.Setup.Acti..., appPackage: com.commusoft.v4, autoGrantPermissions: true, automationName: UiAutomator2, clearDeviceLogsOnStart: true, deviceName: Redmi Note 8 Pro, newCommandTimeout: 10000, noReset: true, platformName: android, platformVersion: 11, udid: jrd6hmy5mzhihihu}, deviceApiLevel: 30, deviceManufacturer: Xiaomi, deviceModel: Redmi Note 8 Pro, deviceName: jrd6hmy5mzhihihu, deviceScreenDensity: 440, deviceScreenSize: 1080x2340, deviceUDID: jrd6hmy5mzhihihu, javascriptEnabled: true, locationContextEnabled: false, networkConnectionEnabled: true, newCommandTimeout: 10000, noReset: true, pixelRatio: 2.75, platform: LINUX, platformName: Android, platformVersion: 11, statBarHeight: 76, takesScreenshot: true, udid: jrd6hmy5mzhihihu, viewportRect: {height: 2264, left: 0, top: 76, width: 1080}, warnings: {}, webStorageEnabled: false}
Session ID: 9c4f1fc2-f2a0-426a-9e3a-03b7646cbd5d
*** Element info: {Using=xpath, value=//*[@text='Home']}
at java.base/jdk.internal.reflect.DirectConstructorHandleAccessor.newInstance(DirectConstructorHandleAccessor.java:62)
at java.base/java.lang.reflect.Constructor.newInstanceWithCaller(Constructor.java:502)
at java.base/java.lang.reflect.Constructor.newInstance(Constructor.java:486)
at org.openqa.selenium.remote.http.W3CHttpResponseCodec.createException(W3CHttpResponseCodec.java:187)
at org.openqa.selenium.remote.http.W3CHttpResponseCodec.decode(W3CHttpResponseCodec.java:122)
at org.openqa.selenium.remote.http.W3CHttpResponseCodec.decode(W3CHttpResponseCodec.java:49)
at org.openqa.selenium.remote.HttpCommandExecutor.execute(HttpCommandExecutor.java:158)
at io.appium.java_client.remote.AppiumCommandExecutor.execute(AppiumCommandExecutor.java:250)
at org.openqa.selenium.remote.RemoteWebDriver.execute(RemoteWebDriver.java:552)
at io.appium.java_client.DefaultGenericMobileDriver.execute(DefaultGenericMobileDriver.java:41)
at io.appium.java_client.AppiumDriver.execute(AppiumDriver.java:1)
at io.appium.java_client.android.AndroidDriver.execute(AndroidDriver.java:1)
at org.openqa.selenium.remote.RemoteWebDriver.findElement(RemoteWebDriver.java:323)
at io.appium.java_client.DefaultGenericMobileDriver.findElement(DefaultGenericMobileDriver.java:61)
at io.appium.java_client.AppiumDriver.findElement(AppiumDriver.java:1)
at io.appium.java_client.android.AndroidDriver.findElement(AndroidDriver.java:1)
at org.openqa.selenium.remote.RemoteWebDriver.findElementByXPath(RemoteWebDriver.java:428)
at io.appium.java_client.DefaultGenericMobileDriver.findElementByXPath(DefaultGenericMobileDriver.java:151)
at io.appium.java_client.AppiumDriver.findElementByXPath(AppiumDriver.java:1)
at io.appium.java_client.android.AndroidDriver.findElementByXPath(AndroidDriver.java:1)
at org.openqa.selenium.By$ByXPath.findElement(By.java:353)
at org.openqa.selenium.remote.RemoteWebDriver.findElement(RemoteWebDriver.java:315)
at io.appium.java_client.DefaultGenericMobileDriver.findElement(DefaultGenericMobileDriver.java:57)
at io.appium.java_client.AppiumDriver.findElement(AppiumDriver.java:1)
at io.appium.java_client.android.AndroidDriver.findElement(AndroidDriver.java:1)
at org.openqa.selenium.support.ui.ExpectedConditions$7.apply(ExpectedConditions.java:205)
at org.openqa.selenium.support.ui.ExpectedConditions$7.apply(ExpectedConditions.java:201)
at org.openqa.selenium.support.ui.ExpectedConditions$22.apply(ExpectedConditions.java:641)
at org.openqa.selenium.support.ui.ExpectedConditions$22.apply(ExpectedConditions.java:638)
at org.openqa.selenium.support.ui.FluentWait.until(FluentWait.java:249)
at MainPack.Wrapper.ExplicitWait_ElementToBeClickable(Wrapper.java:919)
at MobAndWeb_Page.RemoveEngineerEvents.RemoveEvent(RemoveEngineerEvents.java:29)
at New_ui_Testclass.BasicSmoke_MobAndWeb.JobAppointment_StatusVerification_PropertyHistory(BasicSmoke_MobAndWeb.java:1322)
at java.base/jdk.internal.reflect.DirectMethodHandleAccessor.invoke(DirectMethodHandleAccessor.java:103)
at java.base/java.lang.reflect.Method.invoke(Method.java:580)
at org.testng.internal.invokers.MethodInvocationHelper.invokeMethod(MethodInvocationHelper.java:141)
at org.testng.internal.invokers.TestInvoker.invokeMethod(TestInvoker.java:686)
at org.testng.internal.invokers.TestInvoker.retryFailed(TestInvoker.java:269)
at org.testng.internal.invokers.MethodRunner.runInSequence(MethodRunner.java:76)
at org.testng.internal.invokers.TestInvoker$MethodInvocationAgent.invoke(TestInvoker.java:992)
at org.testng.internal.invokers.TestInvoker.invokeTestMethods(TestInvoker.java:203)
at org.testng.internal.invokers.TestMethodWorker.invokeTestMethods(TestMethodWorker.java:154)
at org.testng.internal.invokers.TestMethodWorker.run(TestMethodWorker.java:134)
at java.base/java.util.ArrayList.forEach(ArrayList.java:1597)
at org.testng.TestRunner.privateRun(TestRunner.java:739)
at org.testng.TestRunner.run(TestRunner.java:614)
at org.testng.SuiteRunner.runTest(SuiteRunner.java:421)
at org.testng.SuiteRunner.runSequentially(SuiteRunner.java:413)
at org.testng.SuiteRunner.privateRun(SuiteRunner.java:373)
at org.testng.SuiteRunner.run(SuiteRunner.java:312)
at org.testng.SuiteRunnerWorker.runSuite(SuiteRunnerWorker.java:52)
at org.testng.SuiteRunnerWorker.run(SuiteRunnerWorker.java:95)
at org.testng.TestNG.runSuitesSequentially(TestNG.java:1274)
at org.testng.TestNG.runSuitesLocally(TestNG.java:1208)
at org.testng.TestNG.runSuites(TestNG.java:1112)
at org.testng.TestNG.run(TestNG.java:1079)
at org.testng.remote.AbstractRemoteTestNG.run(AbstractRemoteTestNG.java:115)
at org.testng.remote.RemoteTestNG.initAndRun(RemoteTestNG.java:293)
at org.testng.remote.RemoteTestNG.main(RemoteTestNG.java:91)
]]>
    </failure>
  </testcase> <!-- JobAppointment_StatusVerification_PropertyHistory -->
  <testcase classname="New_ui_Testclass.BasicSmoke_MobAndWeb" name="Add_Edit_Delete_CustomerAssetNewUI" time="0.0">
    <skipped/>
  </testcase> <!-- Add_Edit_Delete_CustomerAssetNewUI -->
  <testcase classname="New_ui_Testclass.BasicSmoke_MobAndWeb" name="Demo" time="0.0">
    <ignored/>
  </testcase> <!-- Demo -->
</testsuite> <!-- Default test -->
