<?xml version="1.0" encoding="UTF-8"?>
<!-- Generated by org.testng.reporters.JUnitXMLReporter -->
<testsuite ignored="29" hostname="karnans-MacBook-Air.local" failures="1" tests="3" name="Default test" time="253.72" errors="0" timestamp="2024-05-06T15:26:04 IST">
  <testcase classname="New_ui_Testclass.BasicSmoke_MobAndWeb" name="CreateCustomerAndVerifyInWeb" time="40.563">
    <skipped/>
  </testcase> <!-- CreateCustomerAndVerifyInWeb -->
  <testcase classname="New_ui_Testclass.BasicSmoke_MobAndWeb" name="CreateCustomerAndVerifyInWeb" time="60.224">
    <skipped/>
  </testcase> <!-- CreateCustomerAndVerifyInWeb -->
  <testcase classname="New_ui_Testclass.BasicSmoke_MobAndWeb" name="CreateCustomerAndVerifyInWeb" time="71.37">
    <failure type="org.openqa.selenium.TimeoutException" message="Expected condition failed: waiting for presence of any elements located by By.xpath: //input[@type=&amp;apos;search&amp;apos;] (tried for 40 second(s) with 500 milliseconds interval)
Build info: version: &amp;apos;3.141.59&amp;apos;, revision: &amp;apos;e82be7d358&amp;apos;, time: &amp;apos;2018-11-14T08:17:03&amp;apos;
System info: host: &amp;apos;karnans-MacBook-Air.local&amp;apos;, ip: &amp;apos;fe80:0:0:0:1806:5e00:4599:7c36%en0&amp;apos;, os.name: &amp;apos;Mac OS X&amp;apos;, os.arch: &amp;apos;aarch64&amp;apos;, os.version: &amp;apos;13.5&amp;apos;, java.version: &amp;apos;21.0.1&amp;apos;
Driver info: org.openqa.selenium.support.events.EventFiringWebDriver
Capabilities {acceptInsecureCerts: false, browserName: chrome, browserVersion: 124.0.6367.119, chrome: {chromedriverVersion: 124.0.6367.91 (51df0e5e17a8..., userDataDir: /var/folders/lm/6yyjzpm17l1...}, fedcm:accounts: true, goog:chromeOptions: {debuggerAddress: localhost:59538}, javascriptEnabled: true, networkConnectionEnabled: false, pageLoadStrategy: normal, platform: MAC, platformName: MAC, proxy: Proxy(), setWindowRect: true, strictFileInteractability: false, timeouts: {implicit: 0, pageLoad: 300000, script: 30000}, unhandledPromptBehavior: dismiss and notify, webauthn:extension:credBlob: true, webauthn:extension:largeBlob: true, webauthn:extension:minPinLength: true, webauthn:extension:prf: true, webauthn:virtualAuthenticators: true}
Session ID: d70810c983d499a6e6025b688e3d2abe">
      <![CDATA[org.openqa.selenium.TimeoutException: Expected condition failed: waiting for presence of any elements located by By.xpath: //input[@type='search'] (tried for 40 second(s) with 500 milliseconds interval)
Build info: version: '3.141.59', revision: 'e82be7d358', time: '2018-11-14T08:17:03'
System info: host: 'karnans-MacBook-Air.local', ip: 'fe80:0:0:0:1806:5e00:4599:7c36%en0', os.name: 'Mac OS X', os.arch: 'aarch64', os.version: '13.5', java.version: '21.0.1'
Driver info: org.openqa.selenium.support.events.EventFiringWebDriver
Capabilities {acceptInsecureCerts: false, browserName: chrome, browserVersion: 124.0.6367.119, chrome: {chromedriverVersion: 124.0.6367.91 (51df0e5e17a8..., userDataDir: /var/folders/lm/6yyjzpm17l1...}, fedcm:accounts: true, goog:chromeOptions: {debuggerAddress: localhost:59538}, javascriptEnabled: true, networkConnectionEnabled: false, pageLoadStrategy: normal, platform: MAC, platformName: MAC, proxy: Proxy(), setWindowRect: true, strictFileInteractability: false, timeouts: {implicit: 0, pageLoad: 300000, script: 30000}, unhandledPromptBehavior: dismiss and notify, webauthn:extension:credBlob: true, webauthn:extension:largeBlob: true, webauthn:extension:minPinLength: true, webauthn:extension:prf: true, webauthn:virtualAuthenticators: true}
Session ID: d70810c983d499a6e6025b688e3d2abe
at org.openqa.selenium.support.ui.WebDriverWait.timeoutException(WebDriverWait.java:95)
at org.openqa.selenium.support.ui.FluentWait.until(FluentWait.java:272)
at MainPack.WrapperForWeb.ExplicitWait_PresenceOfEle2(WrapperForWeb.java:307)
at MobAndWeb_Page.VerifyCustomerOnWeb.SearchCustomer(VerifyCustomerOnWeb.java:35)
at New_ui_Testclass.BasicSmoke_MobAndWeb.CreateCustomerAndVerifyInWeb(BasicSmoke_MobAndWeb.java:84)
at java.base/jdk.internal.reflect.DirectMethodHandleAccessor.invoke(DirectMethodHandleAccessor.java:103)
at java.base/java.lang.reflect.Method.invoke(Method.java:580)
at org.testng.internal.MethodInvocationHelper.invokeMethod(MethodInvocationHelper.java:133)
at org.testng.internal.TestInvoker.invokeMethod(TestInvoker.java:598)
at org.testng.internal.TestInvoker.retryFailed(TestInvoker.java:213)
at org.testng.internal.MethodRunner.runInSequence(MethodRunner.java:58)
at org.testng.internal.TestInvoker$MethodInvocationAgent.invoke(TestInvoker.java:824)
at org.testng.internal.TestInvoker.invokeTestMethods(TestInvoker.java:146)
at org.testng.internal.TestMethodWorker.invokeTestMethods(TestMethodWorker.java:146)
at org.testng.internal.TestMethodWorker.run(TestMethodWorker.java:128)
at java.base/java.util.ArrayList.forEach(ArrayList.java:1596)
at org.testng.TestRunner.privateRun(TestRunner.java:794)
at org.testng.TestRunner.run(TestRunner.java:596)
at org.testng.SuiteRunner.runTest(SuiteRunner.java:377)
at org.testng.SuiteRunner.runSequentially(SuiteRunner.java:371)
at org.testng.SuiteRunner.privateRun(SuiteRunner.java:332)
at org.testng.SuiteRunner.run(SuiteRunner.java:276)
at org.testng.SuiteRunnerWorker.runSuite(SuiteRunnerWorker.java:53)
at org.testng.SuiteRunnerWorker.run(SuiteRunnerWorker.java:96)
at org.testng.TestNG.runSuitesSequentially(TestNG.java:1212)
at org.testng.TestNG.runSuitesLocally(TestNG.java:1134)
at org.testng.TestNG.runSuites(TestNG.java:1063)
at org.testng.TestNG.run(TestNG.java:1031)
at org.testng.remote.AbstractRemoteTestNG.run(AbstractRemoteTestNG.java:115)
at org.testng.remote.RemoteTestNG.initAndRun(RemoteTestNG.java:251)
at org.testng.remote.RemoteTestNG.main(RemoteTestNG.java:77)
]]>
    </failure>
  </testcase> <!-- CreateCustomerAndVerifyInWeb -->
  <testcase classname="New_ui_Testclass.BasicSmoke_MobAndWeb" name="Abort_Job_InMobile" time="0.0">
    <ignored/>
  </testcase> <!-- Abort_Job_InMobile -->
  <testcase classname="New_ui_Testclass.BasicSmoke_MobAndWeb" name="EditWorkAddressAndVerifyinWeb" time="0.0">
    <ignored/>
  </testcase> <!-- EditWorkAddressAndVerifyinWeb -->
  <testcase classname="New_ui_Testclass.BasicSmoke_MobAndWeb" name="Verify_AcceptedEstimate_OnWeb" time="0.0">
    <ignored/>
  </testcase> <!-- Verify_AcceptedEstimate_OnWeb -->
  <testcase classname="New_ui_Testclass.BasicSmoke_MobAndWeb" name="Abort_Estimate_InMobile" time="0.0">
    <ignored/>
  </testcase> <!-- Abort_Estimate_InMobile -->
  <testcase classname="New_ui_Testclass.BasicSmoke_MobAndWeb" name="Assets_ForCustomer" time="0.0">
    <ignored/>
  </testcase> <!-- Assets_ForCustomer -->
  <testcase classname="New_ui_Testclass.BasicSmoke_MobAndWeb" name="Reject_Estimate_InMobile" time="0.0">
    <ignored/>
  </testcase> <!-- Reject_Estimate_InMobile -->
  <testcase classname="New_ui_Testclass.BasicSmoke_MobAndWeb" name="Verify_AbortedEstimateInWeb" time="0.0">
    <ignored/>
  </testcase> <!-- Verify_AbortedEstimateInWeb -->
  <testcase classname="New_ui_Testclass.BasicSmoke_MobAndWeb" name="VerifyCustomerNotesInWeb" time="0.0">
    <ignored/>
  </testcase> <!-- VerifyCustomerNotesInWeb -->
  <testcase classname="New_ui_Testclass.BasicSmoke_MobAndWeb" name="EstimateAcceptWithPrice_InMobile" time="0.0">
    <ignored/>
  </testcase> <!-- EstimateAcceptWithPrice_InMobile -->
  <testcase classname="New_ui_Testclass.BasicSmoke_MobAndWeb" name="VerifyCustomerFilesInWeb" time="0.0">
    <ignored/>
  </testcase> <!-- VerifyCustomerFilesInWeb -->
  <testcase classname="New_ui_Testclass.BasicSmoke_MobAndWeb" name="Verify_CompletedJobWithFinalInvoice_OnWeb" time="0.0">
    <ignored/>
  </testcase> <!-- Verify_CompletedJobWithFinalInvoice_OnWeb -->
  <testcase classname="New_ui_Testclass.BasicSmoke_MobAndWeb" name="Verify_RejectedJobInWeb" time="0.0">
    <ignored/>
  </testcase> <!-- Verify_RejectedJobInWeb -->
  <testcase classname="New_ui_Testclass.BasicSmoke_MobAndWeb" name="GenerateCertificateForJob_And_VerifyInMobile" time="0.0">
    <ignored/>
  </testcase> <!-- GenerateCertificateForJob_And_VerifyInMobile -->
  <testcase classname="New_ui_Testclass.BasicSmoke_MobAndWeb" name="Verify_AbortedJobInWeb" time="0.0">
    <ignored/>
  </testcase> <!-- Verify_AbortedJobInWeb -->
  <testcase classname="New_ui_Testclass.BasicSmoke_MobAndWeb" name="AddWorkaddressAndVerifyInWeb" time="0.0">
    <ignored/>
  </testcase> <!-- AddWorkaddressAndVerifyInWeb -->
  <testcase classname="New_ui_Testclass.BasicSmoke_MobAndWeb" name="Add_AttachedFiles_ForCustomer_InMobile" time="0.0">
    <ignored/>
  </testcase> <!-- Add_AttachedFiles_ForCustomer_InMobile -->
  <testcase classname="New_ui_Testclass.BasicSmoke_MobAndWeb" name="AddCommunicationsForCustomer_InMobile" time="0.0">
    <ignored/>
  </testcase> <!-- AddCommunicationsForCustomer_InMobile -->
  <testcase classname="New_ui_Testclass.BasicSmoke_MobAndWeb" name="EmailCertificateFromMobileAndVerifyOnTheGmailApp" time="0.0">
    <ignored/>
  </testcase> <!-- EmailCertificateFromMobileAndVerifyOnTheGmailApp -->
  <testcase classname="New_ui_Testclass.BasicSmoke_MobAndWeb" name="Add_Reminders_ForCustomer_InMobile" time="0.0">
    <ignored/>
  </testcase> <!-- Add_Reminders_ForCustomer_InMobile -->
  <testcase classname="New_ui_Testclass.BasicSmoke_MobAndWeb" name="EditCustomerAndVerifyInWeb" time="0.0">
    <ignored/>
  </testcase> <!-- EditCustomerAndVerifyInWeb -->
  <testcase classname="New_ui_Testclass.BasicSmoke_MobAndWeb" name="VerifyCustomerContactOnWeb" time="0.0">
    <ignored/>
  </testcase> <!-- VerifyCustomerContactOnWeb -->
  <testcase classname="New_ui_Testclass.BasicSmoke_MobAndWeb" name="AddCustomerContactsInMob" time="0.0">
    <ignored/>
  </testcase> <!-- AddCustomerContactsInMob -->
  <testcase classname="New_ui_Testclass.BasicSmoke_MobAndWeb" name="CompleteJobWithInvoiceAndPayment_InMobile" time="0.0">
    <ignored/>
  </testcase> <!-- CompleteJobWithInvoiceAndPayment_InMobile -->
  <testcase classname="New_ui_Testclass.BasicSmoke_MobAndWeb" name="Verify_CompletedCertificateInWeb" time="0.0">
    <ignored/>
  </testcase> <!-- Verify_CompletedCertificateInWeb -->
  <testcase classname="New_ui_Testclass.BasicSmoke_MobAndWeb" name="WorkAddressEditInWebAndVerifyInMob" time="0.0">
    <ignored/>
  </testcase> <!-- WorkAddressEditInWebAndVerifyInMob -->
  <testcase classname="New_ui_Testclass.BasicSmoke_MobAndWeb" name="CustomerEditInWebAndVerifyInMob" time="0.0">
    <ignored/>
  </testcase> <!-- CustomerEditInWebAndVerifyInMob -->
  <testcase classname="New_ui_Testclass.BasicSmoke_MobAndWeb" name="VerifyCustomerRemindersOnWeb" time="0.0">
    <ignored/>
  </testcase> <!-- VerifyCustomerRemindersOnWeb -->
  <testcase classname="New_ui_Testclass.BasicSmoke_MobAndWeb" name="Verify_RejectedEstimateInWeb" time="0.0">
    <ignored/>
  </testcase> <!-- Verify_RejectedEstimateInWeb -->
  <testcase classname="New_ui_Testclass.BasicSmoke_MobAndWeb" name="Reject_Job_InMobile" time="0.0">
    <ignored/>
  </testcase> <!-- Reject_Job_InMobile -->
</testsuite> <!-- Default test -->
