<?xml version="1.0" encoding="UTF-8"?>
<!-- Generated by org.testng.reporters.JUnitXMLReporter -->
<testsuite ignored="44" hostname="commuqa02" failures="1" tests="1" name="Failed Test Retest" time="9.933" errors="0" timestamp="2025-02-13T17:08:29 IST">
  <testcase classname="New_ui_Testclass.BasicSmoke_MobAndWeb" name="@AfterMethod handleAppCrash" time="0.0">
    <failure type="java.lang.NullPointerException" message="Cannot invoke &amp;quot;io.appium.java_client.android.AndroidDriver.getPageSource()&amp;quot; because &amp;quot;this.driver&amp;quot; is null">
      <![CDATA[java.lang.NullPointerException: Cannot invoke "io.appium.java_client.android.AndroidDriver.getPageSource()" because "this.driver" is null
at MainPack.Wrapper.CloseTheAppWhenItWasCrashed(Wrapper.java:2985)
at New_ui_Testclass.BasicSmoke_MobAndWeb.handleAppCrash(BasicSmoke_MobAndWeb.java:76)
at java.base/java.util.ArrayList.forEach(ArrayList.java:1597)
at MainPack.BaseClassForWebAndMobile.onFinish(BaseClassForWebAndMobile.java:354)
... Removed 43 stack frames]]>
    </failure>
  </testcase> <!-- @AfterMethod handleAppCrash -->
  <testcase classname="MainPack.BaseClassForWebAndMobile" name="@AfterMethod teardown" time="0.0">
    <skipped/>
  </testcase> <!-- @AfterMethod teardown -->
  <testcase classname="New_ui_Testclass.BasicSmoke_MobAndWeb" name="Demo" time="0.0">
    <failure type="java.lang.NullPointerException">
      <![CDATA[java.lang.NullPointerException
at java.base/java.util.Objects.requireNonNull(Objects.java:220)
at org.openqa.selenium.support.ui.FluentWait.<init>(FluentWait.java:106)
at org.openqa.selenium.support.ui.WebDriverWait.<init>(WebDriverWait.java:85)
at org.openqa.selenium.support.ui.WebDriverWait.<init>(WebDriverWait.java:45)
at MainPack.Wrapper.ExplicitWait_ElementToBeClickable(Wrapper.java:934)
at MobAndWeb_Page.Newui_CreateCustomerOnMob.Search_Tab(Newui_CreateCustomerOnMob.java:28)
at New_ui_Testclass.BasicSmoke_MobAndWeb.Demo(BasicSmoke_MobAndWeb.java:1742)
at java.base/java.util.ArrayList.forEach(ArrayList.java:1597)
at MainPack.BaseClassForWebAndMobile.onFinish(BaseClassForWebAndMobile.java:354)
... Removed 38 stack frames]]>
    </failure>
  </testcase> <!-- Demo -->
  <testcase classname="New_ui_Testclass.BasicSmoke_MobAndWeb" name="Verify_AbortedEstimateInWeb" time="0.0">
    <ignored/>
  </testcase> <!-- Verify_AbortedEstimateInWeb -->
  <testcase classname="New_ui_Testclass.BasicSmoke_MobAndWeb" name="AddCommunicationsForCustomer_InMobile" time="0.0">
    <ignored/>
  </testcase> <!-- AddCommunicationsForCustomer_InMobile -->
  <testcase classname="New_ui_Testclass.BasicSmoke_MobAndWeb" name="Assets_ForCustomer" time="0.0">
    <ignored/>
  </testcase> <!-- Assets_ForCustomer -->
  <testcase classname="New_ui_Testclass.BasicSmoke_MobAndWeb" name="JobAppointment_StatusVerification_PropertyHistory" time="0.0">
    <ignored/>
  </testcase> <!-- JobAppointment_StatusVerification_PropertyHistory -->
  <testcase classname="New_ui_Testclass.BasicSmoke_MobAndWeb" name="Customer_PropertyHistory_EstimateAcceptedStatusCheck" time="0.0">
    <ignored/>
  </testcase> <!-- Customer_PropertyHistory_EstimateAcceptedStatusCheck -->
  <testcase classname="New_ui_Testclass.BasicSmoke_MobAndWeb" name="EditWorkAddressAndVerifyinWeb" time="0.0">
    <ignored/>
  </testcase> <!-- EditWorkAddressAndVerifyinWeb -->
  <testcase classname="New_ui_Testclass.BasicSmoke_MobAndWeb" name="VerifyCustomerContactOnWeb" time="0.0">
    <ignored/>
  </testcase> <!-- VerifyCustomerContactOnWeb -->
  <testcase classname="New_ui_Testclass.BasicSmoke_MobAndWeb" name="Abort_Job_DiaryEvent_InMobile" time="0.0">
    <ignored/>
  </testcase> <!-- Abort_Job_DiaryEvent_InMobile -->
  <testcase classname="New_ui_Testclass.BasicSmoke_MobAndWeb" name="GenerateCertificateForJob_And_VerifyInMobile" time="0.0">
    <ignored/>
  </testcase> <!-- GenerateCertificateForJob_And_VerifyInMobile -->
  <testcase classname="New_ui_Testclass.BasicSmoke_MobAndWeb" name="CustomerEditInWebAndVerifyInMob" time="0.0">
    <ignored/>
  </testcase> <!-- CustomerEditInWebAndVerifyInMob -->
  <testcase classname="New_ui_Testclass.BasicSmoke_MobAndWeb" name="Verify_RejectedEstimateDiaryEventInWeb" time="0.0">
    <ignored/>
  </testcase> <!-- Verify_RejectedEstimateDiaryEventInWeb -->
  <testcase classname="New_ui_Testclass.BasicSmoke_MobAndWeb" name="CreateCustomerAndVerifyInWeb" time="0.0">
    <ignored/>
  </testcase> <!-- CreateCustomerAndVerifyInWeb -->
  <testcase classname="New_ui_Testclass.BasicSmoke_MobAndWeb" name="Reject_JobDiaryEvent_InMobile" time="0.0">
    <ignored/>
  </testcase> <!-- Reject_JobDiaryEvent_InMobile -->
  <testcase classname="New_ui_Testclass.BasicSmoke_MobAndWeb" name="Add_AttachedFiles_ForCustomer_InMobile" time="0.0">
    <ignored/>
  </testcase> <!-- Add_AttachedFiles_ForCustomer_InMobile -->
  <testcase classname="New_ui_Testclass.BasicSmoke_MobAndWeb" name="Customer_PropertyHistory_EstimateRejectedStatusCheck" time="0.0">
    <ignored/>
  </testcase> <!-- Customer_PropertyHistory_EstimateRejectedStatusCheck -->
  <testcase classname="New_ui_Testclass.BasicSmoke_MobAndWeb" name="Job_PropetyHistory_AllSection_View_Verification" time="0.0">
    <ignored/>
  </testcase> <!-- Job_PropetyHistory_AllSection_View_Verification -->
  <testcase classname="New_ui_Testclass.BasicSmoke_MobAndWeb" name="PropertyHistory_SectionVerification" time="0.0">
    <ignored/>
  </testcase> <!-- PropertyHistory_SectionVerification -->
  <testcase classname="New_ui_Testclass.BasicSmoke_MobAndWeb" name="Job_FreeOfCharge_VerifyStatusOnThePropertHistoryList" time="0.0">
    <ignored/>
  </testcase> <!-- Job_FreeOfCharge_VerifyStatusOnThePropertHistoryList -->
  <testcase classname="New_ui_Testclass.BasicSmoke_MobAndWeb" name="Verify_CompletedCertificateInWeb" time="0.0">
    <ignored/>
  </testcase> <!-- Verify_CompletedCertificateInWeb -->
  <testcase classname="New_ui_Testclass.BasicSmoke_MobAndWeb" name="Verify_AbortedJob_DiaryEvent_InWeb" time="0.0">
    <ignored/>
  </testcase> <!-- Verify_AbortedJob_DiaryEvent_InWeb -->
  <testcase classname="New_ui_Testclass.BasicSmoke_MobAndWeb" name="VerifyCustomerRemindersOnWeb" time="0.0">
    <ignored/>
  </testcase> <!-- VerifyCustomerRemindersOnWeb -->
  <testcase classname="New_ui_Testclass.BasicSmoke_MobAndWeb" name="Add_Edit_Delete_Complete_OfficeTask_VerifyBothMobAndWeb" time="0.0">
    <ignored/>
  </testcase> <!-- Add_Edit_Delete_Complete_OfficeTask_VerifyBothMobAndWeb -->
  <testcase classname="New_ui_Testclass.BasicSmoke_MobAndWeb" name="EstimateAcceptWithPrice_InMobile" time="0.0">
    <ignored/>
  </testcase> <!-- EstimateAcceptWithPrice_InMobile -->
  <testcase classname="New_ui_Testclass.BasicSmoke_MobAndWeb" name="Verify_AcceptedEstimate_OnWeb" time="0.0">
    <ignored/>
  </testcase> <!-- Verify_AcceptedEstimate_OnWeb -->
  <testcase classname="New_ui_Testclass.BasicSmoke_MobAndWeb" name="RejectEstimatePriceInMob" time="0.0">
    <ignored/>
  </testcase> <!-- RejectEstimatePriceInMob -->
  <testcase classname="New_ui_Testclass.BasicSmoke_MobAndWeb" name="Abort_Estimate_InMobile" time="0.0">
    <ignored/>
  </testcase> <!-- Abort_Estimate_InMobile -->
  <testcase classname="New_ui_Testclass.BasicSmoke_MobAndWeb" name="EditCustomerAndVerifyInWeb" time="0.0">
    <ignored/>
  </testcase> <!-- EditCustomerAndVerifyInWeb -->
  <testcase classname="New_ui_Testclass.BasicSmoke_MobAndWeb" name="Add_Edit_Delete_ReminderForJob" time="0.0">
    <ignored/>
  </testcase> <!-- Add_Edit_Delete_ReminderForJob -->
  <testcase classname="New_ui_Testclass.BasicSmoke_MobAndWeb" name="Verify_CompletedJobWithFinalInvoice_OnWeb" time="0.0">
    <ignored/>
  </testcase> <!-- Verify_CompletedJobWithFinalInvoice_OnWeb -->
  <testcase classname="New_ui_Testclass.BasicSmoke_MobAndWeb" name="WorkAddressEditInWebAndVerifyInMob" time="0.0">
    <ignored/>
  </testcase> <!-- WorkAddressEditInWebAndVerifyInMob -->
  <testcase classname="New_ui_Testclass.BasicSmoke_MobAndWeb" name="AddWorkaddressAndVerifyInWeb" time="0.0">
    <ignored/>
  </testcase> <!-- AddWorkaddressAndVerifyInWeb -->
  <testcase classname="New_ui_Testclass.BasicSmoke_MobAndWeb" name="EmailCertificateFromMobileAndVerifyOnTheGmailApp" time="0.0">
    <ignored/>
  </testcase> <!-- EmailCertificateFromMobileAndVerifyOnTheGmailApp -->
  <testcase classname="New_ui_Testclass.BasicSmoke_MobAndWeb" name="Add_Draft_Delete_Clone_CustomFormNewUI" time="0.0">
    <ignored/>
  </testcase> <!-- Add_Draft_Delete_Clone_CustomFormNewUI -->
  <testcase classname="New_ui_Testclass.BasicSmoke_MobAndWeb" name="AddCustomerContactsInMob" time="0.0">
    <ignored/>
  </testcase> <!-- AddCustomerContactsInMob -->
  <testcase classname="New_ui_Testclass.BasicSmoke_MobAndWeb" name="CompleteJobWithInvoiceAndPayment_InMobile" time="0.0">
    <ignored/>
  </testcase> <!-- CompleteJobWithInvoiceAndPayment_InMobile -->
  <testcase classname="New_ui_Testclass.BasicSmoke_MobAndWeb" name="Verify_RejectedJobDiaryEvent_InWeb" time="0.0">
    <ignored/>
  </testcase> <!-- Verify_RejectedJobDiaryEvent_InWeb -->
  <testcase classname="New_ui_Testclass.BasicSmoke_MobAndWeb" name="VerifyCustomerNotesInWeb" time="0.0">
    <ignored/>
  </testcase> <!-- VerifyCustomerNotesInWeb -->
  <testcase classname="New_ui_Testclass.BasicSmoke_MobAndWeb" name="Customer_PropertyHistory_JobInvoicedStatusCheck" time="0.0">
    <ignored/>
  </testcase> <!-- Customer_PropertyHistory_JobInvoicedStatusCheck -->
  <testcase classname="New_ui_Testclass.BasicSmoke_MobAndWeb" name="VerifyCustomerFilesInWeb" time="0.0">
    <ignored/>
  </testcase> <!-- VerifyCustomerFilesInWeb -->
  <testcase classname="New_ui_Testclass.BasicSmoke_MobAndWeb" name="Add_Reminders_ForCustomer_InMobile" time="0.0">
    <ignored/>
  </testcase> <!-- Add_Reminders_ForCustomer_InMobile -->
  <testcase classname="New_ui_Testclass.BasicSmoke_MobAndWeb" name="Add_Edit_Delete_CustomerAssetNewUI" time="0.0">
    <ignored/>
  </testcase> <!-- Add_Edit_Delete_CustomerAssetNewUI -->
  <testcase classname="New_ui_Testclass.BasicSmoke_MobAndWeb" name="A_RemoveEngineerDiaryEvent" time="0.0">
    <ignored/>
  </testcase> <!-- A_RemoveEngineerDiaryEvent -->
  <testcase classname="New_ui_Testclass.BasicSmoke_MobAndWeb" name="Verify_JobReminder_OnWeb" time="0.0">
    <ignored/>
  </testcase> <!-- Verify_JobReminder_OnWeb -->
  <testcase classname="New_ui_Testclass.BasicSmoke_MobAndWeb" name="Reject_EstimateDiaryEvent_InMobile" time="0.0">
    <ignored/>
  </testcase> <!-- Reject_EstimateDiaryEvent_InMobile -->
</testsuite> <!-- Failed Test Retest -->
