<?xml version="1.0" encoding="UTF-8"?>
<!-- Generated by org.testng.reporters.JUnitXMLReporter -->
<testsuite ignored="39" hostname="DESKTOP-PS0MK9Q" failures="0" tests="4" name="Failed Test Retest" time="809.095" errors="0" timestamp="2024-08-07T12:20:37 IST">
  <testcase classname="New_ui_Testclass.Commusoft_WebAndMobile" name="CreatePrefinalInvoiceOnMobile_Verify_PrefinalInvoiceOnWebAndMobile_Then_VerifyFinalInvoiceOnBothPlatform_AfterJobCompletion" time="157.027">
    <skipped/>
  </testcase> <!-- CreatePrefinalInvoiceOnMobile_Verify_PrefinalInvoiceOnWebAndMobile_Then_VerifyFinalInvoiceOnBothPlatform_AfterJobCompletion -->
  <testcase classname="New_ui_Testclass.Commusoft_WebAndMobile" name="CreatePrefinalInvoiceOnMobile_Verify_PrefinalInvoiceOnWebAndMobile_Then_VerifyFinalInvoiceOnBothPlatform_AfterJobCompletion" time="164.78"/>
  <testcase classname="New_ui_Testclass.Commusoft_WebAndMobile" name="CreateJobWithDefaultPrefinalInvoice_AndVerifyItOnMobileAndCompleteJob_FinallyVerifyConvertedFinalInvoiceOnBothMobileAndWeb" time="195.913">
    <skipped/>
  </testcase> <!-- CreateJobWithDefaultPrefinalInvoice_AndVerifyItOnMobileAndCompleteJob_FinallyVerifyConvertedFinalInvoiceOnBothMobileAndWeb -->
  <testcase classname="New_ui_Testclass.Commusoft_WebAndMobile" name="CreateJobWithDefaultPrefinalInvoice_AndVerifyItOnMobileAndCompleteJob_FinallyVerifyConvertedFinalInvoiceOnBothMobileAndWeb" time="263.04"/>
  <testcase classname="New_ui_Testclass.Commusoft_WebAndMobile" name="Complete_Job_With_BreakdownByCategory_FinalInvoiceAndPaymentOnMobile_UsingOldSetup_Including_QuestionAndSignature" time="0.0">
    <ignored/>
  </testcase> <!-- Complete_Job_With_BreakdownByCategory_FinalInvoiceAndPaymentOnMobile_UsingOldSetup_Including_QuestionAndSignature -->
  <testcase classname="New_ui_Testclass.Commusoft_WebAndMobile" name="ContactsForWebCustomer" time="0.0">
    <ignored/>
  </testcase> <!-- ContactsForWebCustomer -->
  <testcase classname="New_ui_Testclass.Commusoft_WebAndMobile" name="Reject_Estimate_DiaryEvent_InMob" time="0.0">
    <ignored/>
  </testcase> <!-- Reject_Estimate_DiaryEvent_InMob -->
  <testcase classname="New_ui_Testclass.Commusoft_WebAndMobile" name="EditCustomerInMob_AndVerifyInWeb" time="0.0">
    <ignored/>
  </testcase> <!-- EditCustomerInMob_AndVerifyInWeb -->
  <testcase classname="New_ui_Testclass.Commusoft_WebAndMobile" name="AcceptedEstimate_StatusAndNotification_Verification_InWeb" time="0.0">
    <ignored/>
  </testcase> <!-- AcceptedEstimate_StatusAndNotification_Verification_InWeb -->
  <testcase classname="New_ui_Testclass.Commusoft_WebAndMobile" name="Complete_Job_With_FullBreakdown_FinalInvoiceAndPaymentOnMobile_UsingOldSetup_WithoutQuestionAndSignature" time="0.0">
    <ignored/>
  </testcase> <!-- Complete_Job_With_FullBreakdown_FinalInvoiceAndPaymentOnMobile_UsingOldSetup_WithoutQuestionAndSignature -->
  <testcase classname="New_ui_Testclass.Commusoft_WebAndMobile" name="CreateJobDiaryEventInWeb_UsingNewQuestionTemplate" time="0.0">
    <ignored/>
  </testcase> <!-- CreateJobDiaryEventInWeb_UsingNewQuestionTemplate -->
  <testcase classname="New_ui_Testclass.Commusoft_WebAndMobile" name="VerifyWebCustomerInMobile" time="0.0">
    <ignored/>
  </testcase> <!-- VerifyWebCustomerInMobile -->
  <testcase classname="New_ui_Testclass.Commusoft_WebAndMobile" name="Complete_Job_With_Nobreakdown_FinalInvoiceAndPaymentOnMobile_UsingNewQuestionTemplate" time="0.0">
    <ignored/>
  </testcase> <!-- Complete_Job_With_Nobreakdown_FinalInvoiceAndPaymentOnMobile_UsingNewQuestionTemplate -->
  <testcase classname="New_ui_Testclass.Commusoft_WebAndMobile" name="CreateEstimateDiaryEventInWeb_ForAbort" time="0.0">
    <ignored/>
  </testcase> <!-- CreateEstimateDiaryEventInWeb_ForAbort -->
  <testcase classname="New_ui_Testclass.Commusoft_WebAndMobile" name="Verify_Customer_Communication_InMobile" time="0.0">
    <ignored/>
  </testcase> <!-- Verify_Customer_Communication_InMobile -->
  <testcase classname="New_ui_Testclass.Commusoft_WebAndMobile" name="RejectedEstimate_Status_Verification_InWeb" time="0.0">
    <ignored/>
  </testcase> <!-- RejectedEstimate_Status_Verification_InWeb -->
  <testcase classname="New_ui_Testclass.Commusoft_WebAndMobile" name="Abort_Estimate_DiaryEvent_InMob" time="0.0">
    <ignored/>
  </testcase> <!-- Abort_Estimate_DiaryEvent_InMob -->
  <testcase classname="New_ui_Testclass.Commusoft_WebAndMobile" name="CreateEstimateDiaryEventInWeb_ForAccept" time="0.0">
    <ignored/>
  </testcase> <!-- CreateEstimateDiaryEventInWeb_ForAccept -->
  <testcase classname="New_ui_Testclass.Commusoft_WebAndMobile" name="Verify_StatusOf_Estimate_Without_Price_And_QA_InWeb" time="0.0">
    <ignored/>
  </testcase> <!-- Verify_StatusOf_Estimate_Without_Price_And_QA_InWeb -->
  <testcase classname="New_ui_Testclass.Commusoft_WebAndMobile" name="AddJobInWebAndCreateCertificateInMobileThenVerifyOnBothPlatform" time="0.0">
    <ignored/>
  </testcase> <!-- AddJobInWebAndCreateCertificateInMobileThenVerifyOnBothPlatform -->
  <testcase classname="New_ui_Testclass.Commusoft_WebAndMobile" name="SelectCompletedJobFromWebNotificationAndCreateFinalInvoiceForJobInWeb_ThenCompleteInvoiceFromMobile_FinallyVerifyOnBothMobileAndWeb" time="0.0">
    <ignored/>
  </testcase> <!-- SelectCompletedJobFromWebNotificationAndCreateFinalInvoiceForJobInWeb_ThenCompleteInvoiceFromMobile_FinallyVerifyOnBothMobileAndWeb -->
  <testcase classname="New_ui_Testclass.Commusoft_WebAndMobile" name="Verify_CompletedJob_WithBreakdownByCategory_FinalInvoice_AndPaymentOnWeb_UsingOldSetup_Including_QuestionAndSignature" time="0.0">
    <ignored/>
  </testcase> <!-- Verify_CompletedJob_WithBreakdownByCategory_FinalInvoice_AndPaymentOnWeb_UsingOldSetup_Including_QuestionAndSignature -->
  <testcase classname="New_ui_Testclass.Commusoft_WebAndMobile" name="Create_EstimateWithoutSurveyTemplate_InWeb" time="0.0">
    <ignored/>
  </testcase> <!-- Create_EstimateWithoutSurveyTemplate_InWeb -->
  <testcase classname="New_ui_Testclass.Commusoft_WebAndMobile" name="EditCertificateInWebAndVerifyModifiedCertificateOnMobile_FinallyEmailCertificateThenVerifyInMobileGmail" time="0.0">
    <ignored/>
  </testcase> <!-- EditCertificateInWebAndVerifyModifiedCertificateOnMobile_FinallyEmailCertificateThenVerifyInMobileGmail -->
  <testcase classname="New_ui_Testclass.Commusoft_WebAndMobile" name="VerifyArriveAndLeaveAnswersOnBothMobileAndWeb" time="0.0">
    <ignored/>
  </testcase> <!-- VerifyArriveAndLeaveAnswersOnBothMobileAndWeb -->
  <testcase classname="New_ui_Testclass.Commusoft_WebAndMobile" name="CreateJobInWeb_WithoutCompletionOnMob_AndVerifyStatusOnWeb" time="0.0">
    <ignored/>
  </testcase> <!-- CreateJobInWeb_WithoutCompletionOnMob_AndVerifyStatusOnWeb -->
  <testcase classname="New_ui_Testclass.Commusoft_WebAndMobile" name="CommunicationForWebCustomer" time="0.0">
    <ignored/>
  </testcase> <!-- CommunicationForWebCustomer -->
  <testcase classname="New_ui_Testclass.Commusoft_WebAndMobile" name="Add_CustomerInWeb" time="0.0">
    <ignored/>
  </testcase> <!-- Add_CustomerInWeb -->
  <testcase classname="New_ui_Testclass.Commusoft_WebAndMobile" name="Verify_CustomerContactsInMobile" time="0.0">
    <ignored/>
  </testcase> <!-- Verify_CustomerContactsInMobile -->
  <testcase classname="New_ui_Testclass.Commusoft_WebAndMobile" name="CreateCustomerInMob_AndVerifyInWeb" time="0.0">
    <ignored/>
  </testcase> <!-- CreateCustomerInMob_AndVerifyInWeb -->
  <testcase classname="New_ui_Testclass.Commusoft_WebAndMobile" name="VerifyWebEditedCustomerInMobile" time="0.0">
    <ignored/>
  </testcase> <!-- VerifyWebEditedCustomerInMobile -->
  <testcase classname="New_ui_Testclass.Commusoft_WebAndMobile" name="Complete_Estimate_without_price_and_QA_InMob" time="0.0">
    <ignored/>
  </testcase> <!-- Complete_Estimate_without_price_and_QA_InMob -->
  <testcase classname="New_ui_Testclass.Commusoft_WebAndMobile" name="Complete_Estimate_DiaryEvent_WithPrice_InMobile" time="0.0">
    <ignored/>
  </testcase> <!-- Complete_Estimate_DiaryEvent_WithPrice_InMobile -->
  <testcase classname="New_ui_Testclass.Commusoft_WebAndMobile" name="CreateJobDiaryEventInWeb_UsingOldSetup_WithoutQuestionAndSignature" time="0.0">
    <ignored/>
  </testcase> <!-- CreateJobDiaryEventInWeb_UsingOldSetup_WithoutQuestionAndSignature -->
  <testcase classname="New_ui_Testclass.Commusoft_WebAndMobile" name="AbortedEstimate_Status_Verification_InWeb" time="0.0">
    <ignored/>
  </testcase> <!-- AbortedEstimate_Status_Verification_InWeb -->
  <testcase classname="New_ui_Testclass.Commusoft_WebAndMobile" name="Verify_CompletedJob_WithNoBreakdown_FinalInvoice_AndPaymentOnWeb_UsingNewQuestionTemplate" time="0.0">
    <ignored/>
  </testcase> <!-- Verify_CompletedJob_WithNoBreakdown_FinalInvoice_AndPaymentOnWeb_UsingNewQuestionTemplate -->
  <testcase classname="New_ui_Testclass.Commusoft_WebAndMobile" name="AddCommunicationForCustomerInMobile" time="0.0">
    <ignored/>
  </testcase> <!-- AddCommunicationForCustomerInMobile -->
  <testcase classname="New_ui_Testclass.Commusoft_WebAndMobile" name="EditCustomerInWeb" time="0.0">
    <ignored/>
  </testcase> <!-- EditCustomerInWeb -->
  <testcase classname="New_ui_Testclass.Commusoft_WebAndMobile" name="CreateEstimateDiaryEventInWeb_ForReject" time="0.0">
    <ignored/>
  </testcase> <!-- CreateEstimateDiaryEventInWeb_ForReject -->
  <testcase classname="New_ui_Testclass.Commusoft_WebAndMobile" name="CreateJobDiaryEventInWeb_UsingOldSetup_WithQuestionAndSignature" time="0.0">
    <ignored/>
  </testcase> <!-- CreateJobDiaryEventInWeb_UsingOldSetup_WithQuestionAndSignature -->
  <testcase classname="New_ui_Testclass.Commusoft_WebAndMobile" name="Reset_OldQuestionSetup" time="0.0">
    <ignored/>
  </testcase> <!-- Reset_OldQuestionSetup -->
  <testcase classname="New_ui_Testclass.Commusoft_WebAndMobile" name="Verify_CompletedJob_WithFullBreakdown_FinalInvoiceAndPaymentOnWeb_UsingOldSetup_WithoutQuestionAndSignature" time="0.0">
    <ignored/>
  </testcase> <!-- Verify_CompletedJob_WithFullBreakdown_FinalInvoiceAndPaymentOnWeb_UsingOldSetup_WithoutQuestionAndSignature -->
  <testcase classname="New_ui_Testclass.Commusoft_WebAndMobile" name="VerifyMobileCustomerCommunicationInWeb" time="0.0">
    <ignored/>
  </testcase> <!-- VerifyMobileCustomerCommunicationInWeb -->
</testsuite> <!-- Failed Test Retest -->
