<?xml version="1.0" encoding="UTF-8"?>
<!-- Generated by org.testng.reporters.JUnitReportReporter -->
<testsuite hostname="Saravanan-Santhanam" failures="0" tests="16" name="Test.Standard_Smoke_Testing_Android" time="126.772" errors="0" timestamp="2022-11-28T13:02:04 IST" skipped="15">
  <testcase classname="Test.Standard_Smoke_Testing_Android" name="Add_Assets_ForWorkAddress" time="126.772"/>
  <system-out/>
  <testcase classname="Test.Standard_Smoke_Testing_Android" name="Job1_Final_Invoice">
    <skipped/>
  </testcase> <!-- Job1_Final_Invoice -->
  <system-out/>
  <testcase classname="Test.Standard_Smoke_Testing_Android" name="Job2_FOC">
    <skipped/>
  </testcase> <!-- Job2_FOC -->
  <system-out/>
  <testcase classname="Test.Standard_Smoke_Testing_Android" name="Create_Estimate2">
    <skipped/>
  </testcase> <!-- Create_Estimate2 -->
  <system-out/>
  <testcase classname="Test.Standard_Smoke_Testing_Android" name="Create_Customer">
    <skipped/>
  </testcase> <!-- Create_Customer -->
  <system-out/>
  <testcase classname="Test.Standard_Smoke_Testing_Android" name="Estimate2_Reject_On_Diary">
    <skipped/>
  </testcase> <!-- Estimate2_Reject_On_Diary -->
  <system-out/>
  <testcase classname="Test.Standard_Smoke_Testing_Android" name="Create_Estimate1">
    <skipped/>
  </testcase> <!-- Create_Estimate1 -->
  <system-out/>
  <testcase classname="Test.Standard_Smoke_Testing_Android" name="Edit_WorkAddress">
    <skipped/>
  </testcase> <!-- Edit_WorkAddress -->
  <system-out/>
  <testcase classname="Test.Standard_Smoke_Testing_Android" name="Add_Service_Reminder">
    <skipped/>
  </testcase> <!-- Add_Service_Reminder -->
  <system-out/>
  <testcase classname="Test.Standard_Smoke_Testing_Android" name="Edit_CustomerDetails">
    <skipped/>
  </testcase> <!-- Edit_CustomerDetails -->
  <system-out/>
  <testcase classname="Test.Standard_Smoke_Testing_Android" name="Create_2Job">
    <skipped/>
  </testcase> <!-- Create_2Job -->
  <system-out/>
  <testcase classname="Test.Standard_Smoke_Testing_Android" name="Estimate1_Accept_On_Diary">
    <skipped/>
  </testcase> <!-- Estimate1_Accept_On_Diary -->
  <system-out/>
  <testcase classname="Test.Standard_Smoke_Testing_Android" name="Add_WA">
    <skipped/>
  </testcase> <!-- Add_WA -->
  <system-out/>
  <testcase classname="Test.Standard_Smoke_Testing_Android" name="Add_Notes_ForWorkAddress">
    <skipped/>
  </testcase> <!-- Add_Notes_ForWorkAddress -->
  <system-out/>
  <testcase classname="Test.Standard_Smoke_Testing_Android" name="Create_Job1">
    <skipped/>
  </testcase> <!-- Create_Job1 -->
  <system-out/>
  <testcase classname="Test.Standard_Smoke_Testing_Android" name="Attached_Files_ForWorkAddress">
    <skipped/>
  </testcase> <!-- Attached_Files_ForWorkAddress -->
  <system-out/>
</testsuite> <!-- Test.Standard_Smoke_Testing_Android -->
