<?xml version="1.0" encoding="UTF-8"?>
<!-- Generated by org.testng.reporters.JUnitReportReporter -->
<testsuite hostname="Saravanan-Santhanam" failures="0" tests="2" name="Test.CommusoftDevTestClass" time="50.575" errors="0" timestamp="2022-11-08T17:00:18 IST" skipped="1">
  <testcase classname="Test.CommusoftDevTestClass" name="CustomerTest" time="50.575"/>
  <system-out/>
  <testcase classname="Test.CommusoftDevTestClass" name="LoginTest">
    <skipped/>
  </testcase> <!-- LoginTest -->
  <system-out/>
</testsuite> <!-- Test.CommusoftDevTestClass -->
