<?xml version="1.0" encoding="UTF-8"?>
<testng-results ignored="0" total="1" passed="1" failed="0" skipped="0">
  <reporter-output>
  </reporter-output>
  <suite started-at="2024-12-05T19:05:50 IST" name="Default suite" finished-at="2024-12-05T19:09:44 IST" duration-ms="233276">
    <groups>
    </groups>
    <test started-at="2024-12-05T19:05:50 IST" name="Default test" finished-at="2024-12-05T19:09:44 IST" duration-ms="233276">
      <class name="New_ui_Testclass.BasicSmoke_MobAndWeb">
        <test-method is-config="true" signature="initial()[pri:0, instance:New_ui_Testclass.BasicSmoke_MobAndWeb@1e1a0406]" started-at="2024-12-05T19:05:50 IST" name="initial" finished-at="2024-12-05T19:05:50 IST" duration-ms="119" status="PASS">
          <reporter-output>
          </reporter-output>
        </test-method> <!-- initial -->
        <test-method is-config="true" signature="CurrentClassName()[pri:0, instance:New_ui_Testclass.BasicSmoke_MobAndWeb@1e1a0406]" started-at="2024-12-05T19:05:50 IST" name="CurrentClassName" finished-at="2024-12-05T19:05:50 IST" depends-on-methods="MainPack.BaseClassForWebAndMobile.initial" duration-ms="0" status="PASS">
          <reporter-output>
          </reporter-output>
        </test-method> <!-- CurrentClassName -->
        <test-method is-config="true" signature="ConnectWeb()[pri:0, instance:New_ui_Testclass.BasicSmoke_MobAndWeb@1e1a0406]" started-at="2024-12-05T19:05:50 IST" name="ConnectWeb" finished-at="2024-12-05T19:05:59 IST" duration-ms="8677" status="PASS">
          <reporter-output>
          </reporter-output>
        </test-method> <!-- ConnectWeb -->
        <test-method is-config="true" signature="setup()[pri:0, instance:New_ui_Testclass.BasicSmoke_MobAndWeb@1e1a0406]" started-at="2024-12-05T19:05:59 IST" name="setup" finished-at="2024-12-05T19:06:06 IST" duration-ms="7010" status="PASS">
          <reporter-output>
          </reporter-output>
        </test-method> <!-- setup -->
        <test-method signature="Demo()[pri:0, instance:New_ui_Testclass.BasicSmoke_MobAndWeb@1e1a0406]" started-at="2024-12-05T19:06:06 IST" name="Demo" finished-at="2024-12-05T19:09:44 IST" duration-ms="217383" status="PASS">
          <reporter-output>
          </reporter-output>
        </test-method> <!-- Demo -->
        <test-method is-config="true" signature="teardown(org.testng.ITestResult)[pri:0, instance:New_ui_Testclass.BasicSmoke_MobAndWeb@1e1a0406]" started-at="2024-12-05T19:09:44 IST" name="teardown" finished-at="2024-12-05T19:09:44 IST" duration-ms="173" status="PASS">
          <params>
            <param index="0">
              <value>
                <![CDATA[[TestResult name=Demo status=SUCCESS method=BasicSmoke_MobAndWeb.Demo()[pri:0, instance:New_ui_Testclass.BasicSmoke_MobAndWeb@1e1a0406] output={null}]]]>
              </value>
            </param>
          </params>
          <reporter-output>
          </reporter-output>
        </test-method> <!-- teardown -->
        <test-method is-config="true" signature="tearDownWeb()[pri:0, instance:New_ui_Testclass.BasicSmoke_MobAndWeb@1e1a0406]" started-at="2024-12-05T19:09:44 IST" name="tearDownWeb" finished-at="2024-12-05T19:09:44 IST" duration-ms="9" status="PASS">
          <reporter-output>
          </reporter-output>
        </test-method> <!-- tearDownWeb -->
        <test-method is-config="true" signature="teardown()[pri:0, instance:New_ui_Testclass.BasicSmoke_MobAndWeb@1e1a0406]" started-at="2024-12-05T19:09:44 IST" name="teardown" finished-at="2024-12-05T19:09:49 IST" duration-ms="5001" status="PASS">
          <reporter-output>
          </reporter-output>
        </test-method> <!-- teardown -->
      </class> <!-- New_ui_Testclass.BasicSmoke_MobAndWeb -->
    </test> <!-- Default test -->
  </suite> <!-- Default suite -->
</testng-results>
